<?xml version="1.0" encoding="UTF-8"?>
<!-- Generated by org.testng.reporters.JUnitReportReporter -->
<testsuite skipped="0" hostname="EC2AMAZ-JE5EJSV" name="test.testngclass" tests="1" failures="0" timestamp="12 Dec 2017 10:38:48 GMT" time="41.062" errors="0">
  <testcase name="test" time="41.062" classname="test.testngclass"/>
</testsuite> <!-- test.testngclass -->
